19/04/2019-14:39:26:Info:A new metadata plugin was added, gmpc has purged all failed hits from the cache
19/04/2019-14:40:06:Info:Connected to mpd
19/04/2019-14:40:06:Info:MPD Database has been updated at: Thu 21 Mar 2019 07:59:18 PM EDT
19/04/2019-14:42:16:Info:<b>Added profile:</b> 'New Profile'
19/04/2019-14:42:32:Info:Connected to mpd
19/04/2019-14:42:34:Info:Disconnected from mpd
19/04/2019-14:42:36:Info:Connected to mpd
19/04/2019-14:46:29:Critical:<b>error code 17: connection closed</b>
19/04/2019-14:46:29:Info:Disconnected from mpd
19/04/2019-14:46:34:Info:Connected to mpd
19/04/2019-14:47:19:Info:<b>Added profile:</b> 'New Profile'
19/04/2019-14:47:28:Info:Disconnected from mpd
19/04/2019-14:47:30:Info:Connected to mpd
19/04/2019-14:50:28:Critical:<b>error code 17: connection closed</b>
19/04/2019-14:50:28:Info:Disconnected from mpd
19/04/2019-14:50:33:Info:Connected to mpd
19/04/2019-14:50:40:Info:Disconnected from mpd
19/04/2019-14:50:41:Info:Connected to mpd
19/04/2019-14:50:52:Info:Disconnected from mpd
19/04/2019-14:50:57:Info:Connected to mpd
19/04/2019-14:53:19:Critical:<b>error code 17: connection closed</b>
19/04/2019-14:53:19:Info:Disconnected from mpd
19/04/2019-14:53:24:Info:Connected to mpd
19/04/2019-14:54:32:Critical:<b>error code 17: connection closed</b>
19/04/2019-14:54:32:Info:Disconnected from mpd
19/04/2019-14:54:37:Info:Connected to mpd
19/04/2019-14:58:38:Critical:<b>error code 17: connection closed</b>
19/04/2019-14:58:38:Info:Disconnected from mpd
19/04/2019-14:58:44:Info:Connected to mpd
19/04/2019-14:59:17:Critical:<b>error code 17: connection closed</b>
19/04/2019-14:59:17:Info:Disconnected from mpd
19/04/2019-14:59:23:Info:Connected to mpd
19/04/2019-14:59:25:Info:Disconnected from mpd
19/04/2019-14:59:26:Info:Connected to mpd
19/04/2019-14:59:43:Critical:<b>error code 17: connection closed</b>
19/04/2019-14:59:43:Info:Disconnected from mpd
19/04/2019-14:59:49:Critical:<b>error code 13: problems connecting to &quot;127.0.0.1&quot; on port 6600: Operation now in progress</b>
19/04/2019-14:59:55:Critical:<b>error code 13: problems connecting to &quot;127.0.0.1&quot; on port 6600: Operation now in progress</b>
19/04/2019-15:00:02:Info:Connected to mpd
19/04/2019-15:00:02:Info:MPD Database has been updated at: Fri 19 Apr 2019 03:00:01 PM EDT
19/04/2019-15:03:52:Warning:MPD Reported the following error: 'Failed to open audio output'
19/04/2019-15:04:11:Critical:<b>error code 17: connection closed</b>
19/04/2019-15:04:11:Info:Disconnected from mpd
19/04/2019-15:04:17:Info:Connected to mpd
19/04/2019-15:04:17:Info:MPD Database has been updated at: Fri 19 Apr 2019 03:00:01 PM EDT
19/04/2019-15:06:06:Info:Unknown command: 'ls'
19/04/2019-15:08:29:User question:Are you sure you want to clear the play queue?
19/04/2019-16:42:26:Info:A new metadata plugin was added, gmpc has purged all failed hits from the cache
19/04/2019-16:42:26:Info:Connected to mpd
19/04/2019-16:42:26:Info:<b>Added profile:</b> 'Music Player @ debian'
19/04/2019-16:43:11:Info:Connected to mpd
19/04/2019-16:44:15:Info:Connected to mpd
19/04/2019-16:44:23:Info:Connected to mpd
19/04/2019-16:45:05:Info:Connected to mpd
19/04/2019-16:51:28:Info:Connected to mpd
19/04/2019-16:51:49:Info:Connected to mpd
19/04/2019-16:52:06:Info:Connected to mpd
19/04/2019-16:52:55:Info:Connected to mpd
19/04/2019-16:53:01:Info:Connected to mpd
19/04/2019-16:54:13:Info:Connected to mpd
19/04/2019-16:54:18:Info:Connected to mpd
19/04/2019-16:55:14:Info:Disconnected from mpd
19/04/2019-16:55:14:Info:Connected to mpd
19/04/2019-16:57:25:Info:Connected to mpd
19/04/2019-16:57:38:Info:Connected to mpd
19/04/2019-16:58:56:Info:Connected to mpd
19/04/2019-16:59:07:Info:Connected to mpd
19/04/2019-16:59:28:Info:Connected to mpd
19/04/2019-17:00:00:Info:Connected to mpd
19/04/2019-17:00:35:Info:Connected to mpd
19/04/2019-17:02:01:Info:Connected to mpd
19/04/2019-17:02:17:Info:Connected to mpd
19/04/2019-17:02:43:Info:Connected to mpd
19/04/2019-17:02:51:Info:Connected to mpd
19/04/2019-17:05:47:Info:Connected to mpd
19/04/2019-17:11:12:Info:Connected to mpd
19/04/2019-17:11:19:Info:Connected to mpd
19/04/2019-17:11:31:Info:Connected to mpd
19/04/2019-17:17:15:Info:Connected to mpd
19/04/2019-17:17:20:Info:Connected to mpd
19/04/2019-17:18:04:Info:Connected to mpd
19/04/2019-17:18:17:Info:Connected to mpd
19/04/2019-17:19:32:Info:Connected to mpd
19/04/2019-17:19:50:Info:Connected to mpd
19/04/2019-17:20:46:Info:Connected to mpd
19/04/2019-17:20:56:Info:Connected to mpd
19/04/2019-17:21:16:Info:Connected to mpd
19/04/2019-17:21:25:Info:Connected to mpd
19/04/2019-17:22:00:Info:Connected to mpd
19/04/2019-17:22:06:Info:Connected to mpd
19/04/2019-17:23:18:Info:Connected to mpd
19/04/2019-17:23:44:Info:Connected to mpd
19/04/2019-17:23:48:Info:Connected to mpd
19/04/2019-17:27:13:Info:Connected to mpd
19/04/2019-17:27:52:Info:Connected to mpd
19/04/2019-17:28:22:Info:Connected to mpd
19/04/2019-17:30:52:Info:Connected to mpd
19/04/2019-17:32:10:Info:Connected to mpd
19/04/2019-17:32:28:Info:Connected to mpd
19/04/2019-17:32:41:Info:Connected to mpd
19/04/2019-17:32:48:Info:Connected to mpd
19/04/2019-17:33:51:Info:Connected to mpd
19/04/2019-17:35:19:Info:Connected to mpd
19/04/2019-17:35:45:Info:Connected to mpd
19/04/2019-17:35:46:Info:Connected to mpd
19/04/2019-17:35:48:Info:Connected to mpd
19/04/2019-17:36:27:Info:Connected to mpd
19/04/2019-17:36:43:Info:Connected to mpd
19/04/2019-17:36:52:Info:Connected to mpd
19/04/2019-17:37:12:Info:Connected to mpd
19/04/2019-17:37:22:Info:Connected to mpd
19/04/2019-17:37:23:Info:Connected to mpd
19/04/2019-17:37:25:Info:Connected to mpd
19/04/2019-17:37:49:Info:Connected to mpd
19/04/2019-17:37:53:Info:Connected to mpd
19/04/2019-17:38:41:Info:Connected to mpd
19/04/2019-17:39:31:Info:Connected to mpd
19/04/2019-17:50:25:Info:Connected to mpd
19/04/2019-17:51:13:Info:Connected to mpd
19/04/2019-17:52:37:Info:Connected to mpd
19/04/2019-17:57:14:Info:Connected to mpd
19/04/2019-17:57:30:Info:Connected to mpd
19/04/2019-17:58:51:Info:Connected to mpd
19/04/2019-17:59:27:Info:Connected to mpd
19/04/2019-17:59:38:Info:Connected to mpd
19/04/2019-18:09:08:Info:Connected to mpd
19/04/2019-18:11:12:Info:Connected to mpd
19/04/2019-18:12:36:Info:Connected to mpd
19/04/2019-18:16:32:Info:Connected to mpd
19/04/2019-18:17:05:Info:Connected to mpd
19/04/2019-18:31:01:Info:Connected to mpd
19/04/2019-20:10:27:Info:Connected to mpd
19/04/2019-21:12:12:Critical:<b>error code 55: ACK [55@0] {} Not playing</b>
19/04/2019-21:44:09:Critical:<b>error code 55: ACK [55@0] {} Not playing</b>
19/04/2019-21:44:10:Critical:<b>error code 55: ACK [55@0] {} Not playing</b>
20/04/2019-14:36:43:Info:Connected to mpd
20/04/2019-23:06:54:Info:Connected to mpd
21/04/2019-01:24:02:Info:Connected to mpd
21/04/2019-04:57:39:Critical:<b>error code 55: ACK [55@0] {} Not playing</b>
21/04/2019-17:23:35:Critical:<b>error code 17: connection closed</b>
21/04/2019-17:23:35:Info:Disconnected from mpd
21/04/2019-17:23:40:Info:Connected to mpd
21/04/2019-17:35:19:Info:MPD Database has been updated at: Sun 21 Apr 2019 05:35:19 PM EDT
21/04/2019-17:35:20:Info:MPD Database has been updated at: Sun 21 Apr 2019 05:35:20 PM EDT
21/04/2019-17:35:20:Info:MPD Database has been updated at: Sun 21 Apr 2019 05:35:20 PM EDT
21/04/2019-17:35:21:Info:MPD Database has been updated at: Sun 21 Apr 2019 05:35:21 PM EDT
21/04/2019-17:35:24:Info:MPD Database has been updated at: Sun 21 Apr 2019 05:35:24 PM EDT
21/04/2019-17:35:25:Info:MPD Database has been updated at: Sun 21 Apr 2019 05:35:25 PM EDT
21/04/2019-17:35:25:Info:MPD Database has been updated at: Sun 21 Apr 2019 05:35:25 PM EDT
21/04/2019-17:40:29:Info:MPD Database has been updated at: Sun 21 Apr 2019 05:40:28 PM EDT
21/04/2019-17:40:35:Info:MPD Database has been updated at: Sun 21 Apr 2019 05:40:34 PM EDT
21/04/2019-17:41:22:Info:MPD Database has been updated at: Sun 21 Apr 2019 05:41:22 PM EDT
21/04/2019-17:44:35:Info:MPD Database has been updated at: Sun 21 Apr 2019 05:44:35 PM EDT
21/04/2019-17:44:46:Info:MPD Database has been updated at: Sun 21 Apr 2019 05:44:46 PM EDT
21/04/2019-17:45:26:Info:MPD Database has been updated at: Sun 21 Apr 2019 05:45:26 PM EDT
21/04/2019-17:47:10:Info:MPD Database has been updated at: Sun 21 Apr 2019 05:47:09 PM EDT
21/04/2019-17:47:40:Info:MPD Database has been updated at: Sun 21 Apr 2019 05:47:40 PM EDT
21/04/2019-17:48:06:Info:MPD Database has been updated at: Sun 21 Apr 2019 05:48:06 PM EDT
21/04/2019-17:48:59:Info:MPD Database has been updated at: Sun 21 Apr 2019 05:48:58 PM EDT
21/04/2019-17:49:48:Info:MPD Database has been updated at: Sun 21 Apr 2019 05:49:48 PM EDT
21/04/2019-17:50:31:Info:MPD Database has been updated at: Sun 21 Apr 2019 05:50:30 PM EDT
21/04/2019-17:50:57:Info:MPD Database has been updated at: Sun 21 Apr 2019 05:50:57 PM EDT
21/04/2019-17:52:44:Info:MPD Database has been updated at: Sun 21 Apr 2019 05:52:44 PM EDT
21/04/2019-17:52:55:Info:MPD Database has been updated at: Sun 21 Apr 2019 05:52:55 PM EDT
21/04/2019-17:53:45:Info:MPD Database has been updated at: Sun 21 Apr 2019 05:53:45 PM EDT
21/04/2019-17:53:55:Info:MPD Database has been updated at: Sun 21 Apr 2019 05:53:55 PM EDT
21/04/2019-17:54:02:Info:MPD Database has been updated at: Sun 21 Apr 2019 05:54:02 PM EDT
21/04/2019-17:54:45:Info:MPD Database has been updated at: Sun 21 Apr 2019 05:54:45 PM EDT
21/04/2019-17:55:56:Info:MPD Database has been updated at: Sun 21 Apr 2019 05:55:56 PM EDT
21/04/2019-17:56:21:Info:MPD Database has been updated at: Sun 21 Apr 2019 05:56:21 PM EDT
21/04/2019-17:58:21:Info:MPD Database has been updated at: Sun 21 Apr 2019 05:58:21 PM EDT
21/04/2019-17:58:43:Info:MPD Database has been updated at: Sun 21 Apr 2019 05:58:43 PM EDT
21/04/2019-17:59:05:Info:MPD Database has been updated at: Sun 21 Apr 2019 05:59:04 PM EDT
21/04/2019-17:59:29:Info:MPD Database has been updated at: Sun 21 Apr 2019 05:59:29 PM EDT
21/04/2019-18:00:25:Info:MPD Database has been updated at: Sun 21 Apr 2019 06:00:25 PM EDT
21/04/2019-18:04:19:Info:MPD Database has been updated at: Sun 21 Apr 2019 06:04:19 PM EDT
21/04/2019-18:05:54:Info:MPD Database has been updated at: Sun 21 Apr 2019 06:05:53 PM EDT
21/04/2019-18:06:19:Info:MPD Database has been updated at: Sun 21 Apr 2019 06:06:19 PM EDT
21/04/2019-18:07:47:Info:MPD Database has been updated at: Sun 21 Apr 2019 06:07:47 PM EDT
21/04/2019-18:08:05:Info:MPD Database has been updated at: Sun 21 Apr 2019 06:08:05 PM EDT
21/04/2019-18:09:36:Info:MPD Database has been updated at: Sun 21 Apr 2019 06:09:36 PM EDT
21/04/2019-18:10:46:Info:MPD Database has been updated at: Sun 21 Apr 2019 06:10:46 PM EDT
21/04/2019-18:11:47:Info:MPD Database has been updated at: Sun 21 Apr 2019 06:11:46 PM EDT
21/04/2019-18:12:21:Info:MPD Database has been updated at: Sun 21 Apr 2019 06:12:21 PM EDT
21/04/2019-18:13:25:Info:MPD Database has been updated at: Sun 21 Apr 2019 06:13:25 PM EDT
21/04/2019-18:13:51:Info:MPD Database has been updated at: Sun 21 Apr 2019 06:13:51 PM EDT
21/04/2019-18:13:59:Info:MPD Database has been updated at: Sun 21 Apr 2019 06:13:59 PM EDT
21/04/2019-18:14:00:Info:MPD Database has been updated at: Sun 21 Apr 2019 06:14:00 PM EDT
21/04/2019-18:20:12:Info:MPD Database has been updated at: Sun 21 Apr 2019 06:20:11 PM EDT
21/04/2019-18:21:45:Info:MPD Database has been updated at: Sun 21 Apr 2019 06:21:44 PM EDT
21/04/2019-18:23:04:Info:MPD Database has been updated at: Sun 21 Apr 2019 06:23:04 PM EDT
21/04/2019-18:26:36:Info:MPD Database has been updated at: Sun 21 Apr 2019 06:26:36 PM EDT
21/04/2019-18:27:01:Info:MPD Database has been updated at: Sun 21 Apr 2019 06:27:01 PM EDT
21/04/2019-18:28:01:Info:MPD Database has been updated at: Sun 21 Apr 2019 06:28:01 PM EDT
21/04/2019-18:28:08:Info:MPD Database has been updated at: Sun 21 Apr 2019 06:28:08 PM EDT
21/04/2019-18:28:19:Info:MPD Database has been updated at: Sun 21 Apr 2019 06:28:19 PM EDT
21/04/2019-18:29:39:Info:MPD Database has been updated at: Sun 21 Apr 2019 06:29:38 PM EDT
21/04/2019-18:29:45:Info:MPD Database has been updated at: Sun 21 Apr 2019 06:29:45 PM EDT
21/04/2019-18:33:58:Info:MPD Database has been updated at: Sun 21 Apr 2019 06:33:58 PM EDT
21/04/2019-18:34:18:Info:MPD Database has been updated at: Sun 21 Apr 2019 06:34:17 PM EDT
21/04/2019-18:34:31:Info:MPD Database has been updated at: Sun 21 Apr 2019 06:34:31 PM EDT
21/04/2019-18:35:00:Info:MPD Database has been updated at: Sun 21 Apr 2019 06:35:00 PM EDT
21/04/2019-18:35:19:Info:MPD Database has been updated at: Sun 21 Apr 2019 06:35:19 PM EDT
21/04/2019-18:35:27:Info:MPD Database has been updated at: Sun 21 Apr 2019 06:35:26 PM EDT
21/04/2019-18:37:11:Info:MPD Database has been updated at: Sun 21 Apr 2019 06:37:11 PM EDT
21/04/2019-18:37:19:Info:MPD Database has been updated at: Sun 21 Apr 2019 06:37:19 PM EDT
21/04/2019-18:38:02:Info:MPD Database has been updated at: Sun 21 Apr 2019 06:38:02 PM EDT
21/04/2019-18:38:30:Info:MPD Database has been updated at: Sun 21 Apr 2019 06:38:29 PM EDT
21/04/2019-18:38:36:Info:MPD Database has been updated at: Sun 21 Apr 2019 06:38:36 PM EDT
21/04/2019-18:39:42:Info:MPD Database has been updated at: Sun 21 Apr 2019 06:39:42 PM EDT
21/04/2019-18:39:55:Info:MPD Database has been updated at: Sun 21 Apr 2019 06:39:54 PM EDT
21/04/2019-18:41:42:Info:MPD Database has been updated at: Sun 21 Apr 2019 06:41:42 PM EDT
21/04/2019-18:42:12:Info:MPD Database has been updated at: Sun 21 Apr 2019 06:42:12 PM EDT
21/04/2019-18:42:39:Info:MPD Database has been updated at: Sun 21 Apr 2019 06:42:38 PM EDT
21/04/2019-18:42:50:Info:MPD Database has been updated at: Sun 21 Apr 2019 06:42:49 PM EDT
21/04/2019-18:43:06:Info:MPD Database has been updated at: Sun 21 Apr 2019 06:43:06 PM EDT
21/04/2019-18:43:16:Info:MPD Database has been updated at: Sun 21 Apr 2019 06:43:16 PM EDT
21/04/2019-18:44:40:Info:MPD Database has been updated at: Sun 21 Apr 2019 06:44:39 PM EDT
21/04/2019-18:44:45:Info:MPD Database has been updated at: Sun 21 Apr 2019 06:44:45 PM EDT
21/04/2019-18:45:41:Info:MPD Database has been updated at: Sun 21 Apr 2019 06:45:41 PM EDT
21/04/2019-18:46:56:Info:MPD Database has been updated at: Sun 21 Apr 2019 06:46:55 PM EDT
21/04/2019-18:47:03:Info:MPD Database has been updated at: Sun 21 Apr 2019 06:47:02 PM EDT
21/04/2019-18:48:19:Info:MPD Database has been updated at: Sun 21 Apr 2019 06:48:19 PM EDT
21/04/2019-18:49:15:Info:MPD Database has been updated at: Sun 21 Apr 2019 06:49:15 PM EDT
21/04/2019-18:50:32:Info:MPD Database has been updated at: Sun 21 Apr 2019 06:50:32 PM EDT
21/04/2019-18:51:05:Info:MPD Database has been updated at: Sun 21 Apr 2019 06:51:05 PM EDT
21/04/2019-18:52:32:Info:MPD Database has been updated at: Sun 21 Apr 2019 06:52:32 PM EDT
21/04/2019-18:53:43:Info:MPD Database has been updated at: Sun 21 Apr 2019 06:53:43 PM EDT
21/04/2019-18:54:25:Info:MPD Database has been updated at: Sun 21 Apr 2019 06:54:25 PM EDT
21/04/2019-18:55:04:Info:MPD Database has been updated at: Sun 21 Apr 2019 06:55:04 PM EDT
21/04/2019-18:57:11:Info:MPD Database has been updated at: Sun 21 Apr 2019 06:57:10 PM EDT
21/04/2019-18:58:24:Info:MPD Database has been updated at: Sun 21 Apr 2019 06:58:23 PM EDT
21/04/2019-18:59:32:Info:MPD Database has been updated at: Sun 21 Apr 2019 06:59:32 PM EDT
21/04/2019-19:35:03:Info:MPD Database has been updated at: Sun 21 Apr 2019 07:35:03 PM EDT
21/04/2019-19:35:38:Info:MPD Database has been updated at: Sun 21 Apr 2019 07:35:38 PM EDT
21/04/2019-19:36:22:Info:MPD Database has been updated at: Sun 21 Apr 2019 07:36:22 PM EDT
21/04/2019-19:36:45:Info:MPD Database has been updated at: Sun 21 Apr 2019 07:36:45 PM EDT
21/04/2019-19:37:35:Info:MPD Database has been updated at: Sun 21 Apr 2019 07:37:35 PM EDT
21/04/2019-19:38:13:Info:MPD Database has been updated at: Sun 21 Apr 2019 07:38:13 PM EDT
21/04/2019-19:38:43:Info:MPD Database has been updated at: Sun 21 Apr 2019 07:38:43 PM EDT
21/04/2019-19:40:28:Info:MPD Database has been updated at: Sun 21 Apr 2019 07:40:28 PM EDT
21/04/2019-19:40:57:Info:MPD Database has been updated at: Sun 21 Apr 2019 07:40:57 PM EDT
21/04/2019-19:41:24:Info:MPD Database has been updated at: Sun 21 Apr 2019 07:41:24 PM EDT
21/04/2019-19:41:53:Info:MPD Database has been updated at: Sun 21 Apr 2019 07:41:52 PM EDT
21/04/2019-19:42:25:Info:MPD Database has been updated at: Sun 21 Apr 2019 07:42:24 PM EDT
21/04/2019-19:43:24:Info:MPD Database has been updated at: Sun 21 Apr 2019 07:43:24 PM EDT
21/04/2019-19:44:28:Info:MPD Database has been updated at: Sun 21 Apr 2019 07:44:28 PM EDT
21/04/2019-19:45:50:Info:MPD Database has been updated at: Sun 21 Apr 2019 07:45:50 PM EDT
21/04/2019-19:46:36:Info:MPD Database has been updated at: Sun 21 Apr 2019 07:46:35 PM EDT
21/04/2019-19:47:33:Info:MPD Database has been updated at: Sun 21 Apr 2019 07:47:33 PM EDT
21/04/2019-19:48:39:Info:MPD Database has been updated at: Sun 21 Apr 2019 07:48:38 PM EDT
21/04/2019-19:48:58:Info:MPD Database has been updated at: Sun 21 Apr 2019 07:48:57 PM EDT
21/04/2019-19:49:31:Info:MPD Database has been updated at: Sun 21 Apr 2019 07:49:30 PM EDT
21/04/2019-19:49:55:Info:MPD Database has been updated at: Sun 21 Apr 2019 07:49:55 PM EDT
21/04/2019-19:50:02:Info:MPD Database has been updated at: Sun 21 Apr 2019 07:50:01 PM EDT
21/04/2019-19:51:57:Info:MPD Database has been updated at: Sun 21 Apr 2019 07:51:57 PM EDT
21/04/2019-19:52:05:Info:MPD Database has been updated at: Sun 21 Apr 2019 07:52:05 PM EDT
21/04/2019-19:52:33:Info:MPD Database has been updated at: Sun 21 Apr 2019 07:52:33 PM EDT
21/04/2019-19:52:53:Info:MPD Database has been updated at: Sun 21 Apr 2019 07:52:53 PM EDT
21/04/2019-19:53:15:Info:MPD Database has been updated at: Sun 21 Apr 2019 07:53:14 PM EDT
21/04/2019-19:54:07:Info:MPD Database has been updated at: Sun 21 Apr 2019 07:54:06 PM EDT
21/04/2019-19:54:33:Info:MPD Database has been updated at: Sun 21 Apr 2019 07:54:32 PM EDT
21/04/2019-19:55:09:Info:MPD Database has been updated at: Sun 21 Apr 2019 07:55:08 PM EDT
21/04/2019-19:55:28:Info:MPD Database has been updated at: Sun 21 Apr 2019 07:55:28 PM EDT
21/04/2019-19:55:53:Info:MPD Database has been updated at: Sun 21 Apr 2019 07:55:53 PM EDT
21/04/2019-19:56:21:Info:MPD Database has been updated at: Sun 21 Apr 2019 07:56:21 PM EDT
21/04/2019-19:56:47:Info:MPD Database has been updated at: Sun 21 Apr 2019 07:56:46 PM EDT
21/04/2019-19:57:36:Info:MPD Database has been updated at: Sun 21 Apr 2019 07:57:36 PM EDT
21/04/2019-20:01:26:Info:MPD Database has been updated at: Sun 21 Apr 2019 08:01:26 PM EDT
21/04/2019-20:53:47:Info:MPD Database has been updated at: Sun 21 Apr 2019 08:53:47 PM EDT
21/04/2019-20:53:54:Info:MPD Database has been updated at: Sun 21 Apr 2019 08:53:54 PM EDT
21/04/2019-20:54:05:Info:MPD Database has been updated at: Sun 21 Apr 2019 08:54:04 PM EDT
21/04/2019-20:54:22:Info:MPD Database has been updated at: Sun 21 Apr 2019 08:54:21 PM EDT
21/04/2019-20:54:37:Info:MPD Database has been updated at: Sun 21 Apr 2019 08:54:37 PM EDT
21/04/2019-20:55:12:Info:MPD Database has been updated at: Sun 21 Apr 2019 08:55:11 PM EDT
21/04/2019-20:55:22:Info:MPD Database has been updated at: Sun 21 Apr 2019 08:55:22 PM EDT
21/04/2019-20:56:14:Info:MPD Database has been updated at: Sun 21 Apr 2019 08:56:14 PM EDT
21/04/2019-20:56:14:Info:MPD Database has been updated at: Sun 21 Apr 2019 08:56:14 PM EDT
21/04/2019-20:56:15:Info:MPD Database has been updated at: Sun 21 Apr 2019 08:56:15 PM EDT
21/04/2019-20:56:15:Info:MPD Database has been updated at: Sun 21 Apr 2019 08:56:15 PM EDT
21/04/2019-20:56:19:Info:MPD Database has been updated at: Sun 21 Apr 2019 08:56:19 PM EDT
21/04/2019-20:56:19:Info:MPD Database has been updated at: Sun 21 Apr 2019 08:56:19 PM EDT
21/04/2019-20:56:20:Info:MPD Database has been updated at: Sun 21 Apr 2019 08:56:19 PM EDT
21/04/2019-21:00:40:Info:MPD Database has been updated at: Sun 21 Apr 2019 09:00:39 PM EDT
21/04/2019-21:01:58:Info:MPD Database has been updated at: Sun 21 Apr 2019 09:01:57 PM EDT
21/04/2019-22:37:51:Info:MPD Database has been updated at: Sun 21 Apr 2019 10:37:51 PM EDT
21/04/2019-22:39:04:Info:MPD Database has been updated at: Sun 21 Apr 2019 10:39:04 PM EDT
21/04/2019-22:39:04:Info:MPD Database has been updated at: Sun 21 Apr 2019 10:39:04 PM EDT
22/04/2019-14:57:24:Info:Connected to mpd
22/04/2019-15:30:38:Critical:<b>error code 17: connection closed</b>
22/04/2019-15:30:38:Info:Disconnected from mpd
22/04/2019-15:30:43:Info:Connected to mpd
22/04/2019-15:36:42:Critical:<b>error code 17: connection closed</b>
22/04/2019-15:36:43:Info:Disconnected from mpd
22/04/2019-15:36:48:Info:Connected to mpd
22/04/2019-15:47:28:Critical:<b>error code 17: connection closed</b>
22/04/2019-15:47:28:Info:Disconnected from mpd
22/04/2019-15:47:34:Info:Connected to mpd
22/04/2019-19:58:57:Info:MPD Database has been updated at: Mon 22 Apr 2019 07:58:57 PM EDT
